==================== 2026-03-31T10:46:37.005036Z | 019d4380-a2a0-7f52-9af2-61bb19b57873 ====================
10:46:37.011374 [info ]: Installing dbt project and profile setup
10:46:37.020832 [info ]: Warning A dbt_project.yml already exists in this directory; skipping sample project creation.
10:46:37.029756 [info ]: Info Created .vscode/extensions.json with dbt extension recommendation
10:46:37.047875 [info ]: Info Setting up your profile...
10:46:37.063626 [info ]: Loading ~/.dbt/profiles.yml
10:46:37.092733 [info ]: Info Creating new profile...
10:47:29.206605 [info ]: No dbt_cloud.yml found - proceeding without cloud pre-population
10:52:08.569478 [info ]: Success Profile written to C:\Users\User\.dbt\profiles.yml
10:52:08.571384 [info ]: Validating profile inputs, adapters, and connection

10:52:08.572698 [info ]: dbt-fusion 2.0.0-preview.154
10:52:08.579839 [info ]: Started loading project
10:52:08.614659 [info ]: Loading ~/.dbt/profiles.yml
10:52:08.647351 [info ]: Finished loading project [  0.07s]
10:52:08.652306 [info ]: Started debugging
10:52:08.653111 [info ]: Debugging profile: dev
10:52:08.653555 [info ]: Debugging dbt version: 2.0.0-preview.154
10:52:08.654000 [info ]: Debugging platform: windows x86_64 (windows)
10:52:08.654851 [info ]: Debugging adapter type: postgres (remote)
10:52:08.719454 [info ]: Debugging dependencies:
  git: OK
10:52:08.726090 [info ]: Debugging connection:
  "port": 5432,
  "database": "db",
  "schema": "raw_data",
  "host": "127.0.0.1",
  "user": "db_user"
10:52:10.653963 [info ]: Finished debugging [  2.00s]
10:52:10.655991 [error]: dbt1011: dbt was unable to connect to the specified database.
The following error was returned:

execution error: Error with dynamic library: LoadLibraryExW failed

Check your database credentials and try again. For more information, visit:
https://docs.getdbt.com/docs/core/connect-data-platform/connection-profiles
10:52:11.536259 [info ]: New version available 2.0.0-preview.164 (run `dbt system update`)
10:52:11.909632 [info ]: 
==================== Execution Summary =====================
Finished 'init' with 1 error for target 'dev' [5m 35s]
==================== 2026-03-31T10:54:01.034039Z | 019d4387-6913-77b1-8c69-cb8be74bbb00 ====================
10:54:01.034513 [info ]: dbt-fusion 2.0.0-preview.154
10:54:01.036705 [info ]: Started loading project
10:54:01.047052 [info ]: Loading ~/.dbt/profiles.yml
10:54:01.050446 [info ]: Finished loading project [  0.01s]
10:54:01.051045 [info ]: Started debugging
10:54:01.051478 [info ]: Debugging profile: dev
10:54:01.052092 [info ]: Debugging dbt version: 2.0.0-preview.154
10:54:01.052569 [info ]: Debugging platform: windows x86_64 (windows)
10:54:01.053392 [info ]: Debugging adapter type: postgres (remote)
10:54:01.119247 [info ]: Debugging dependencies:
  git: OK
10:54:01.121176 [info ]: Debugging connection:
  "port": 5432,
  "database": "db",
  "schema": "raw_data",
  "host": "127.0.0.1",
  "user": "db_user"
10:54:03.167361 [info ]: Finished debugging [  2.12s]
10:54:03.168350 [error]: dbt1011: dbt was unable to connect to the specified database.
The following error was returned:

execution error: Error with dynamic library: LoadLibraryExW failed

Check your database credentials and try again. For more information, visit:
https://docs.getdbt.com/docs/core/connect-data-platform/connection-profiles
10:54:04.057224 [info ]: New version available 2.0.0-preview.164 (run `dbt system update`)
10:54:04.207520 [info ]: 
==================== Execution Summary =====================
Finished 'debug' with 1 error for target 'dev' [3.2s]
[0m15:52:01.458718 [debug] [MainThread]: Sending event: {'category': 'dbt', 'action': 'invocation', 'label': 'start', 'context': [<snowplow_tracker.self_describing_json.SelfDescribingJson object at 0x7ce31c6e3350>, <snowplow_tracker.self_describing_json.SelfDescribingJson object at 0x7ce31c6e2410>, <snowplow_tracker.self_describing_json.SelfDescribingJson object at 0x7ce31c6e2090>]}


============================== 15:52:01.472009 | e6a39865-8c7b-419a-85a3-246fd891bc13 ==============================
[0m15:52:01.472009 [info ] [MainThread]: Running with dbt=1.8.3
[0m15:52:01.474798 [debug] [MainThread]: running dbt with arguments {'printer_width': '80', 'indirect_selection': 'eager', 'log_cache_events': 'False', 'write_json': 'True', 'partial_parse': 'True', 'cache_selected_only': 'False', 'warn_error': 'None', 'fail_fast': 'False', 'version_check': 'True', 'log_path': '/usr/app/logs', 'debug': 'False', 'profiles_dir': '/root/.dbt', 'use_colors': 'True', 'use_experimental_parser': 'False', 'no_print': 'None', 'quiet': 'False', 'empty': 'None', 'warn_error_options': 'WarnErrorOptions(include=[], exclude=[])', 'introspect': 'True', 'invocation_command': 'dbt deps', 'static_parser': 'True', 'target_path': 'None', 'log_format': 'default', 'send_anonymous_usage_stats': 'True'}
[0m15:52:01.666041 [debug] [MainThread]: Sending event: {'category': 'dbt', 'action': 'project_id', 'label': 'e6a39865-8c7b-419a-85a3-246fd891bc13', 'context': [<snowplow_tracker.self_describing_json.SelfDescribingJson object at 0x7ce31c516750>]}
[0m15:52:01.713092 [debug] [MainThread]: Set downloads directory='/tmp/dbt-downloads-e02e39av'
[0m15:52:01.715840 [debug] [MainThread]: Making package index registry request: GET https://hub.getdbt.com/api/v1/index.json
[0m15:52:02.000758 [debug] [MainThread]: Response from registry index: GET https://hub.getdbt.com/api/v1/index.json 200
[0m15:52:02.003631 [debug] [MainThread]: Making package registry request: GET https://hub.getdbt.com/api/v1/dbt-labs/dbt_utils.json
[0m15:52:02.088538 [debug] [MainThread]: Response from registry: GET https://hub.getdbt.com/api/v1/dbt-labs/dbt_utils.json 200
[0m15:52:02.121472 [info ] [MainThread]: Updating lock file in file path: /usr/app/package-lock.yml
[0m15:52:02.137641 [debug] [MainThread]: Set downloads directory='/tmp/dbt-downloads-ahu5coem'
[0m15:52:02.145724 [info ] [MainThread]: Installing dbt-labs/dbt_utils
[0m15:52:13.342995 [info ] [MainThread]: Installed from version 1.3.3
[0m15:52:13.345784 [info ] [MainThread]: Up to date!
[0m15:52:13.349031 [debug] [MainThread]: Sending event: {'category': 'dbt', 'action': 'package', 'label': 'e6a39865-8c7b-419a-85a3-246fd891bc13', 'property_': 'install', 'context': [<snowplow_tracker.self_describing_json.SelfDescribingJson object at 0x7ce31c6e2f10>, <snowplow_tracker.self_describing_json.SelfDescribingJson object at 0x7ce31c6c7010>]}
[0m15:52:13.355059 [debug] [MainThread]: Resource report: {"command_name": "deps", "command_success": true, "command_wall_clock_time": 11.121405, "process_user_time": 2.927392, "process_kernel_time": 1.2362, "process_mem_max_rss": "94856", "process_in_blocks": "92464", "process_out_blocks": "1304"}
[0m15:52:13.358652 [debug] [MainThread]: Command `dbt deps` succeeded at 15:52:13.358182 after 11.13 seconds
[0m15:52:13.361780 [debug] [MainThread]: Sending event: {'category': 'dbt', 'action': 'invocation', 'label': 'end', 'context': [<snowplow_tracker.self_describing_json.SelfDescribingJson object at 0x7ce31c4f2f90>, <snowplow_tracker.self_describing_json.SelfDescribingJson object at 0x7ce31c4f1190>, <snowplow_tracker.self_describing_json.SelfDescribingJson object at 0x7ce3204686d0>]}
[0m15:52:13.364765 [debug] [MainThread]: Flushing usage events
[0m15:52:17.610310 [debug] [MainThread]: Sending event: {'category': 'dbt', 'action': 'invocation', 'label': 'start', 'context': [<snowplow_tracker.self_describing_json.SelfDescribingJson object at 0x78a394e9b410>, <snowplow_tracker.self_describing_json.SelfDescribingJson object at 0x78a394ee3e10>, <snowplow_tracker.self_describing_json.SelfDescribingJson object at 0x78a394ee20d0>]}


============================== 15:52:17.616971 | 25cd59a3-a943-474f-99fc-cd795164e133 ==============================
[0m15:52:17.616971 [info ] [MainThread]: Running with dbt=1.8.3
[0m15:52:17.619714 [debug] [MainThread]: running dbt with arguments {'printer_width': '80', 'indirect_selection': 'eager', 'log_cache_events': 'False', 'write_json': 'True', 'partial_parse': 'True', 'cache_selected_only': 'False', 'warn_error': 'None', 'version_check': 'True', 'profiles_dir': '/root/.dbt', 'log_path': '/usr/app/logs', 'debug': 'False', 'fail_fast': 'False', 'use_colors': 'True', 'use_experimental_parser': 'False', 'empty': 'False', 'quiet': 'False', 'no_print': 'None', 'warn_error_options': 'WarnErrorOptions(include=[], exclude=[])', 'static_parser': 'True', 'invocation_command': 'dbt run', 'introspect': 'True', 'target_path': 'None', 'log_format': 'default', 'send_anonymous_usage_stats': 'True'}
[0m15:52:17.644319 [error] [MainThread]: Encountered an error:
Runtime Error
  Could not find profile named 'api_bi_profile'
[0m15:52:17.647599 [debug] [MainThread]: Resource report: {"command_name": "run", "command_wall_clock_time": 0.17177157, "process_user_time": 2.459511, "process_kernel_time": 0.307438, "process_mem_max_rss": "91560", "command_success": false, "process_in_blocks": "0", "process_out_blocks": "0"}
[0m15:52:17.650265 [debug] [MainThread]: Command `dbt run` failed at 15:52:17.650003 after 0.17 seconds
[0m15:52:17.652408 [debug] [MainThread]: Sending event: {'category': 'dbt', 'action': 'invocation', 'label': 'end', 'context': [<snowplow_tracker.self_describing_json.SelfDescribingJson object at 0x78a394ea0090>, <snowplow_tracker.self_describing_json.SelfDescribingJson object at 0x78a394ee2b50>, <snowplow_tracker.self_describing_json.SelfDescribingJson object at 0x78a394ee1790>]}
[0m15:52:17.654925 [debug] [MainThread]: Flushing usage events
